OpenMP is enabled.
Number of threads = 1
app_name: shock_tube
Warning: cannot read unitConfig "units.json", using defaults.
Initialization complete. Particle count=500
write results/00000.dat
loop: 1, time: 0, dt: 0, num: 500
loop: 2, time: 0, dt: 0, num: 500
loop: 3, time: 0, dt: 0, num: 500
loop: 4, time: 0, dt: 0, num: 500
loop: 5, time: 0, dt: 0, num: 500
loop: 6, time: 0, dt: 0, num: 500
loop: 7, time: 0, dt: 0, num: 500
loop: 8, time: 0, dt: 0, num: 500
loop: 9, time: 0, dt: 0, num: 500
loop: 10, time: 0, dt: 0, num: 500
loop: 11, time: 0, dt: 0, num: 500
loop: 12, time: 0, dt: 0, num: 500
loop: 13, time: 0, dt: 0, num: 500
loop: 14, time: 0, dt: 0, num: 500
loop: 15, time: 0, dt: 0, num: 500
loop: 16, time: 0, dt: 0, num: 500
loop: 17, time: 0, dt: 0, num: 500
loop: 18, time: 0, dt: 0, num: 500
loop: 19, time: 0, dt: 0, num: 500
loop: 20, time: 0, dt: 0, num: 500
loop: 21, time: 0, dt: 0, num: 500
loop: 22, time: 0, dt: 0, num: 500
loop: 23, time: 0, dt: 0, num: 500
loop: 24, time: 0, dt: 0, num: 500
loop: 25, time: 0, dt: 0, num: 500
loop: 26, time: 0, dt: 0, num: 500
loop: 27, time: 0, dt: 0, num: 500
loop: 28, time: 0, dt: 0, num: 500
loop: 29, time: 0, dt: 0, num: 500
loop: 30, time: 0, dt: 0, num: 500
loop: 31, time: 0, dt: 0, num: 500
loop: 32, time: 0, dt: 0, num: 500
loop: 33, time: 0, dt: 0, num: 500
loop: 34, time: 0, dt: 0, num: 500
loop: 35, time: 0, dt: 0, num: 500
loop: 36, time: 0, dt: 0, num: 500
loop: 37, time: 0, dt: 0, num: 500
loop: 38, time: 0, dt: 0, num: 500
loop: 39, time: 0, dt: 0, num: 500
loop: 40, time: 0, dt: 0, num: 500
loop: 41, time: 0, dt: 0, num: 500
loop: 42, time: 0, dt: 0, num: 500
loop: 43, time: 0, dt: 0, num: 500
loop: 44, time: 0, dt: 0, num: 500
loop: 45, time: 0, dt: 0, num: 500
loop: 46, time: 0, dt: 0, num: 500
loop: 47, time: 0, dt: 0, num: 500
loop: 48, time: 0, dt: 0, num: 500
loop: 49, time: 0, dt: 0, num: 500
loop: 50, time: 0, dt: 0, num: 500
loop: 51, time: 0, dt: 0, num: 500
loop: 52, time: 0, dt: 0, num: 500
loop: 53, time: 0, dt: 0, num: 500
loop: 54, time: 0, dt: 0, num: 500
loop: 55, time: 0, dt: 0, num: 500
loop: 56, time: 0, dt: 0, num: 500
loop: 57, time: 0, dt: 0, num: 500
loop: 58, time: 0, dt: 0, num: 500
loop: 59, time: 0, dt: 0, num: 500
loop: 60, time: 0, dt: 0, num: 500
loop: 61, time: 0, dt: 0, num: 500
loop: 62, time: 0, dt: 0, num: 500
loop: 63, time: 0, dt: 0, num: 500
loop: 64, time: 0, dt: 0, num: 500
loop: 65, time: 0, dt: 0, num: 500
loop: 66, time: 0, dt: 0, num: 500
loop: 67, time: 0, dt: 0, num: 500
loop: 68, time: 0, dt: 0, num: 500
loop: 69, time: 0, dt: 0, num: 500
loop: 70, time: 0, dt: 0, num: 500
loop: 71, time: 0, dt: 0, num: 500
loop: 72, time: 0, dt: 0, num: 500
loop: 73, time: 0, dt: 0, num: 500
loop: 74, time: 0, dt: 0, num: 500
loop: 75, time: 0, dt: 0, num: 500
loop: 76, time: 0, dt: 0, num: 500
loop: 77, time: 0, dt: 0, num: 500
loop: 78, time: 0, dt: 0, num: 500
loop: 79, time: 0, dt: 0, num: 500
loop: 80, time: 0, dt: 0, num: 500
loop: 81, time: 0, dt: 0, num: 500
loop: 82, time: 0, dt: 0, num: 500
loop: 83, time: 0, dt: 0, num: 500
loop: 84, time: 0, dt: 0, num: 500
loop: 85, time: 0, dt: 0, num: 500
loop: 86, time: 0, dt: 0, num: 500
loop: 87, time: 0, dt: 0, num: 500
loop: 88, time: 0, dt: 0, num: 500
loop: 89, time: 0, dt: 0, num: 500
loop: 90, time: 0, dt: 0, num: 500
loop: 91, time: 0, dt: 0, num: 500
loop: 92, time: 0, dt: 0, num: 500
loop: 93, time: 0, dt: 0, num: 500
loop: 94, time: 0, dt: 0, num: 500
loop: 95, time: 0, dt: 0, num: 500
loop: 96, time: 0, dt: 0, num: 500
loop: 97, time: 0, dt: 0, num: 500
loop: 98, time: 0, dt: 0, num: 500
loop: 99, time: 0, dt: 0, num: 500
loop: 100, time: 0, dt: 0, num: 500
loop: 101, time: 0, dt: 0, num: 500
loop: 102, time: 0, dt: 0, num: 500
loop: 103, time: 0, dt: 0, num: 500
loop: 104, time: 0, dt: 0, num: 500
loop: 105, time: 0, dt: 0, num: 500
loop: 106, time: 0, dt: 0, num: 500
loop: 107, time: 0, dt: 0, num: 500
loop: 108, time: 0, dt: 0, num: 500
loop: 109, time: 0, dt: 0, num: 500
loop: 110, time: 0, dt: 0, num: 500
loop: 111, time: 0, dt: 0, num: 500
loop: 112, time: 0, dt: 0, num: 500
loop: 113, time: 0, dt: 0, num: 500
loop: 114, time: 0, dt: 0, num: 500
loop: 115, time: 0, dt: 0, num: 500
loop: 116, time: 0, dt: 0, num: 500
loop: 117, time: 0, dt: 0, num: 500
loop: 118, time: 0, dt: 0, num: 500
loop: 119, time: 0, dt: 0, num: 500
loop: 120, time: 0, dt: 0, num: 500
loop: 121, time: 0, dt: 0, num: 500
loop: 122, time: 0, dt: 0, num: 500
loop: 123, time: 0, dt: 0, num: 500
loop: 124, time: 0, dt: 0, num: 500
loop: 125, time: 0, dt: 0, num: 500
loop: 126, time: 0, dt: 0, num: 500
loop: 127, time: 0, dt: 0, num: 500
loop: 128, time: 0, dt: 0, num: 500
loop: 129, time: 0, dt: 0, num: 500
loop: 130, time: 0, dt: 0, num: 500
loop: 131, time: 0, dt: 0, num: 500
loop: 132, time: 0, dt: 0, num: 500
loop: 133, time: 0, dt: 0, num: 500
loop: 134, time: 0, dt: 0, num: 500
loop: 135, time: 0, dt: 0, num: 500
loop: 136, time: 0, dt: 0, num: 500
loop: 137, time: 0, dt: 0, num: 500
loop: 138, time: 0, dt: 0, num: 500
loop: 139, time: 0, dt: 0, num: 500
loop: 140, time: 0, dt: 0, num: 500
loop: 141, time: 0, dt: 0, num: 500
loop: 142, time: 0, dt: 0, num: 500
loop: 143, time: 0, dt: 0, num: 500
loop: 144, time: 0, dt: 0, num: 500
loop: 145, time: 0, dt: 0, num: 500
loop: 146, time: 0, dt: 0, num: 500
loop: 147, time: 0, dt: 0, num: 500
loop: 148, time: 0, dt: 0, num: 500
loop: 149, time: 0, dt: 0, num: 500
loop: 150, time: 0, dt: 0, num: 500
loop: 151, time: 0, dt: 0, num: 500
loop: 152, time: 0, dt: 0, num: 500
loop: 153, time: 0, dt: 0, num: 500
loop: 154, time: 0, dt: 0, num: 500
loop: 155, time: 0, dt: 0, num: 500
loop: 156, time: 0, dt: 0, num: 500
loop: 157, time: 0, dt: 0, num: 500
loop: 158, time: 0, dt: 0, num: 500
loop: 159, time: 0, dt: 0, num: 500
loop: 160, time: 0, dt: 0, num: 500
loop: 161, time: 0, dt: 0, num: 500
loop: 162, time: 0, dt: 0, num: 500
loop: 163, time: 0, dt: 0, num: 500
loop: 164, time: 0, dt: 0, num: 500
loop: 165, time: 0, dt: 0, num: 500
loop: 166, time: 0, dt: 0, num: 500
loop: 167, time: 0, dt: 0, num: 500
loop: 168, time: 0, dt: 0, num: 500
loop: 169, time: 0, dt: 0, num: 500
loop: 170, time: 0, dt: 0, num: 500
loop: 171, time: 0, dt: 0, num: 500
loop: 172, time: 0, dt: 0, num: 500
loop: 173, time: 0, dt: 0, num: 500
loop: 174, time: 0, dt: 0, num: 500
loop: 175, time: 0, dt: 0, num: 500
loop: 176, time: 0, dt: 0, num: 500
loop: 177, time: 0, dt: 0, num: 500
loop: 178, time: 0, dt: 0, num: 500
loop: 179, time: 0, dt: 0, num: 500
loop: 180, time: 0, dt: 0, num: 500
loop: 181, time: 0, dt: 0, num: 500
loop: 182, time: 0, dt: 0, num: 500
loop: 183, time: 0, dt: 0, num: 500
loop: 184, time: 0, dt: 0, num: 500
loop: 185, time: 0, dt: 0, num: 500
loop: 186, time: 0, dt: 0, num: 500
loop: 187, time: 0, dt: 0, num: 500
loop: 188, time: 0, dt: 0, num: 500
loop: 189, time: 0, dt: 0, num: 500
loop: 190, time: 0, dt: 0, num: 500
loop: 191, time: 0, dt: 0, num: 500
loop: 192, time: 0, dt: 0, num: 500
loop: 193, time: 0, dt: 0, num: 500
loop: 194, time: 0, dt: 0, num: 500
loop: 195, time: 0, dt: 0, num: 500
loop: 196, time: 0, dt: 0, num: 500
loop: 197, time: 0, dt: 0, num: 500
loop: 198, time: 0, dt: 0, num: 500
loop: 199, time: 0, dt: 0, num: 500
loop: 200, time: 0, dt: 0, num: 500
loop: 201, time: 0, dt: 0, num: 500
loop: 202, time: 0, dt: 0, num: 500
loop: 203, time: 0, dt: 0, num: 500
loop: 204, time: 0, dt: 0, num: 500
loop: 205, time: 0, dt: 0, num: 500
loop: 206, time: 0, dt: 0, num: 500
loop: 207, time: 0, dt: 0, num: 500
loop: 208, time: 0, dt: 0, num: 500
loop: 209, time: 0, dt: 0, num: 500
loop: 210, time: 0, dt: 0, num: 500
loop: 211, time: 0, dt: 0, num: 500
loop: 212, time: 0, dt: 0, num: 500
loop: 213, time: 0, dt: 0, num: 500
loop: 214, time: 0, dt: 0, num: 500
loop: 215, time: 0, dt: 0, num: 500
loop: 216, time: 0, dt: 0, num: 500
loop: 217, time: 0, dt: 0, num: 500
loop: 218, time: 0, dt: 0, num: 500
loop: 219, time: 0, dt: 0, num: 500
loop: 220, time: 0, dt: 0, num: 500
loop: 221, time: 0, dt: 0, num: 500
loop: 222, time: 0, dt: 0, num: 500
loop: 223, time: 0, dt: 0, num: 500
loop: 224, time: 0, dt: 0, num: 500
loop: 225, time: 0, dt: 0, num: 500
loop: 226, time: 0, dt: 0, num: 500
loop: 227, time: 0, dt: 0, num: 500
loop: 228, time: 0, dt: 0, num: 500
loop: 229, time: 0, dt: 0, num: 500
loop: 230, time: 0, dt: 0, num: 500
loop: 231, time: 0, dt: 0, num: 500
loop: 232, time: 0, dt: 0, num: 500
loop: 233, time: 0, dt: 0, num: 500
loop: 234, time: 0, dt: 0, num: 500
loop: 235, time: 0, dt: 0, num: 500
loop: 236, time: 0, dt: 0, num: 500
loop: 237, time: 0, dt: 0, num: 500
loop: 238, time: 0, dt: 0, num: 500
loop: 239, time: 0, dt: 0, num: 500
loop: 240, time: 0, dt: 0, num: 500
loop: 241, time: 0, dt: 0, num: 500
loop: 242, time: 0, dt: 0, num: 500
loop: 243, time: 0, dt: 0, num: 500
loop: 244, time: 0, dt: 0, num: 500
loop: 245, time: 0, dt: 0, num: 500
loop: 246, time: 0, dt: 0, num: 500
loop: 247, time: 0, dt: 0, num: 500
loop: 248, time: 0, dt: 0, num: 500
loop: 249, time: 0, dt: 0, num: 500
loop: 250, time: 0, dt: 0, num: 500
loop: 251, time: 0, dt: 0, num: 500
loop: 252, time: 0, dt: 0, num: 500
loop: 253, time: 0, dt: 0, num: 500
loop: 254, time: 0, dt: 0, num: 500
loop: 255, time: 0, dt: 0, num: 500
loop: 256, time: 0, dt: 0, num: 500
loop: 257, time: 0, dt: 0, num: 500
loop: 258, time: 0, dt: 0, num: 500
loop: 259, time: 0, dt: 0, num: 500
loop: 260, time: 0, dt: 0, num: 500
loop: 261, time: 0, dt: 0, num: 500
loop: 262, time: 0, dt: 0, num: 500
loop: 263, time: 0, dt: 0, num: 500
loop: 264, time: 0, dt: 0, num: 500
loop: 265, time: 0, dt: 0, num: 500
loop: 266, time: 0, dt: 0, num: 500
loop: 267, time: 0, dt: 0, num: 500
loop: 268, time: 0, dt: 0, num: 500
loop: 269, time: 0, dt: 0, num: 500
loop: 270, time: 0, dt: 0, num: 500
loop: 271, time: 0, dt: 0, num: 500
loop: 272, time: 0, dt: 0, num: 500
loop: 273, time: 0, dt: 0, num: 500
loop: 274, time: 0, dt: 0, num: 500
loop: 275, time: 0, dt: 0, num: 500
loop: 276, time: 0, dt: 0, num: 500
loop: 277, time: 0, dt: 0, num: 500
loop: 278, time: 0, dt: 0, num: 500
loop: 279, time: 0, dt: 0, num: 500
loop: 280, time: 0, dt: 0, num: 500
loop: 281, time: 0, dt: 0, num: 500
loop: 282, time: 0, dt: 0, num: 500
loop: 283, time: 0, dt: 0, num: 500
loop: 284, time: 0, dt: 0, num: 500
loop: 285, time: 0, dt: 0, num: 500
loop: 286, time: 0, dt: 0, num: 500
loop: 287, time: 0, dt: 0, num: 500
loop: 288, time: 0, dt: 0, num: 500
loop: 289, time: 0, dt: 0, num: 500
loop: 290, time: 0, dt: 0, num: 500
loop: 291, time: 0, dt: 0, num: 500
loop: 292, time: 0, dt: 0, num: 500
loop: 293, time: 0, dt: 0, num: 500
loop: 294, time: 0, dt: 0, num: 500
loop: 295, time: 0, dt: 0, num: 500
loop: 296, time: 0, dt: 0, num: 500
loop: 297, time: 0, dt: 0, num: 500
loop: 298, time: 0, dt: 0, num: 500
loop: 299, time: 0, dt: 0, num: 500
loop: 300, time: 0, dt: 0, num: 500
loop: 301, time: 0, dt: 0, num: 500
loop: 302, time: 0, dt: 0, num: 500
loop: 303, time: 0, dt: 0, num: 500
loop: 304, time: 0, dt: 0, num: 500
loop: 305, time: 0, dt: 0, num: 500
loop: 306, time: 0, dt: 0, num: 500
loop: 307, time: 0, dt: 0, num: 500
loop: 308, time: 0, dt: 0, num: 500
loop: 309, time: 0, dt: 0, num: 500
loop: 310, time: 0, dt: 0, num: 500
loop: 311, time: 0, dt: 0, num: 500
loop: 312, time: 0, dt: 0, num: 500
loop: 313, time: 0, dt: 0, num: 500
loop: 314, time: 0, dt: 0, num: 500
loop: 315, time: 0, dt: 0, num: 500
loop: 316, time: 0, dt: 0, num: 500
loop: 317, time: 0, dt: 0, num: 500
loop: 318, time: 0, dt: 0, num: 500
loop: 319, time: 0, dt: 0, num: 500
loop: 320, time: 0, dt: 0, num: 500
loop: 321, time: 0, dt: 0, num: 500
loop: 322, time: 0, dt: 0, num: 500
loop: 323, time: 0, dt: 0, num: 500
loop: 324, time: 0, dt: 0, num: 500
loop: 325, time: 0, dt: 0, num: 500
loop: 326, time: 0, dt: 0, num: 500
loop: 327, time: 0, dt: 0, num: 500
loop: 328, time: 0, dt: 0, num: 500
loop: 329, time: 0, dt: 0, num: 500
loop: 330, time: 0, dt: 0, num: 500
loop: 331, time: 0, dt: 0, num: 500
loop: 332, time: 0, dt: 0, num: 500
loop: 333, time: 0, dt: 0, num: 500
loop: 334, time: 0, dt: 0, num: 500
loop: 335, time: 0, dt: 0, num: 500
loop: 336, time: 0, dt: 0, num: 500
loop: 337, time: 0, dt: 0, num: 500
loop: 338, time: 0, dt: 0, num: 500
loop: 339, time: 0, dt: 0, num: 500
loop: 340, time: 0, dt: 0, num: 500
loop: 341, time: 0, dt: 0, num: 500
loop: 342, time: 0, dt: 0, num: 500
loop: 343, time: 0, dt: 0, num: 500
loop: 344, time: 0, dt: 0, num: 500
loop: 345, time: 0, dt: 0, num: 500
loop: 346, time: 0, dt: 0, num: 500
loop: 347, time: 0, dt: 0, num: 500
loop: 348, time: 0, dt: 0, num: 500
loop: 349, time: 0, dt: 0, num: 500
loop: 350, time: 0, dt: 0, num: 500
loop: 351, time: 0, dt: 0, num: 500
loop: 352, time: 0, dt: 0, num: 500
loop: 353, time: 0, dt: 0, num: 500
loop: 354, time: 0, dt: 0, num: 500
loop: 355, time: 0, dt: 0, num: 500
loop: 356, time: 0, dt: 0, num: 500
loop: 357, time: 0, dt: 0, num: 500
loop: 358, time: 0, dt: 0, num: 500
loop: 359, time: 0, dt: 0, num: 500
loop: 360, time: 0, dt: 0, num: 500
loop: 361, time: 0, dt: 0, num: 500
loop: 362, time: 0, dt: 0, num: 500
loop: 363, time: 0, dt: 0, num: 500
loop: 364, time: 0, dt: 0, num: 500
loop: 365, time: 0, dt: 0, num: 500
loop: 366, time: 0, dt: 0, num: 500
loop: 367, time: 0, dt: 0, num: 500
loop: 368, time: 0, dt: 0, num: 500
loop: 369, time: 0, dt: 0, num: 500
loop: 370, time: 0, dt: 0, num: 500
loop: 371, time: 0, dt: 0, num: 500
loop: 372, time: 0, dt: 0, num: 500
loop: 373, time: 0, dt: 0, num: 500
loop: 374, time: 0, dt: 0, num: 500
loop: 375, time: 0, dt: 0, num: 500
loop: 376, time: 0, dt: 0, num: 500
loop: 377, time: 0, dt: 0, num: 500
loop: 378, time: 0, dt: 0, num: 500
loop: 379, time: 0, dt: 0, num: 500
loop: 380, time: 0, dt: 0, num: 500
loop: 381, time: 0, dt: 0, num: 500
loop: 382, time: 0, dt: 0, num: 500
loop: 383, time: 0, dt: 0, num: 500
loop: 384, time: 0, dt: 0, num: 500
loop: 385, time: 0, dt: 0, num: 500
loop: 386, time: 0, dt: 0, num: 500
loop: 387, time: 0, dt: 0, num: 500
loop: 388, time: 0, dt: 0, num: 500
loop: 389, time: 0, dt: 0, num: 500
loop: 390, time: 0, dt: 0, num: 500
loop: 391, time: 0, dt: 0, num: 500
loop: 392, time: 0, dt: 0, num: 500
loop: 393, time: 0, dt: 0, num: 500
loop: 394, time: 0, dt: 0, num: 500
loop: 395, time: 0, dt: 0, num: 500
loop: 396, time: 0, dt: 0, num: 500
loop: 397, time: 0, dt: 0, num: 500
loop: 398, time: 0, dt: 0, num: 500
loop: 399, time: 0, dt: 0, num: 500
loop: 400, time: 0, dt: 0, num: 500
loop: 401, time: 0, dt: 0, num: 500
loop: 402, time: 0, dt: 0, num: 500
loop: 403, time: 0, dt: 0, num: 500
loop: 404, time: 0, dt: 0, num: 500
loop: 405, time: 0, dt: 0, num: 500
loop: 406, time: 0, dt: 0, num: 500
loop: 407, time: 0, dt: 0, num: 500
loop: 408, time: 0, dt: 0, num: 500
loop: 409, time: 0, dt: 0, num: 500
loop: 410, time: 0, dt: 0, num: 500
loop: 411, time: 0, dt: 0, num: 500
loop: 412, time: 0, dt: 0, num: 500
loop: 413, time: 0, dt: 0, num: 500
loop: 414, time: 0, dt: 0, num: 500
loop: 415, time: 0, dt: 0, num: 500
loop: 416, time: 0, dt: 0, num: 500
loop: 417, time: 0, dt: 0, num: 500
loop: 418, time: 0, dt: 0, num: 500
loop: 419, time: 0, dt: 0, num: 500
loop: 420, time: 0, dt: 0, num: 500
loop: 421, time: 0, dt: 0, num: 500
loop: 422, time: 0, dt: 0, num: 500
loop: 423, time: 0, dt: 0, num: 500
loop: 424, time: 0, dt: 0, num: 500
loop: 425, time: 0, dt: 0, num: 500
loop: 426, time: 0, dt: 0, num: 500
loop: 427, time: 0, dt: 0, num: 500
loop: 428, time: 0, dt: 0, num: 500
loop: 429, time: 0, dt: 0, num: 500
loop: 430, time: 0, dt: 0, num: 500
loop: 431, time: 0, dt: 0, num: 500
loop: 432, time: 0, dt: 0, num: 500
loop: 433, time: 0, dt: 0, num: 500
loop: 434, time: 0, dt: 0, num: 500
loop: 435, time: 0, dt: 0, num: 500
loop: 436, time: 0, dt: 0, num: 500
loop: 437, time: 0, dt: 0, num: 500
loop: 438, time: 0, dt: 0, num: 500
loop: 439, time: 0, dt: 0, num: 500
loop: 440, time: 0, dt: 0, num: 500
loop: 441, time: 0, dt: 0, num: 500
loop: 442, time: 0, dt: 0, num: 500
loop: 443, time: 0, dt: 0, num: 500
loop: 444, time: 0, dt: 0, num: 500
loop: 445, time: 0, dt: 0, num: 500
loop: 446, time: 0, dt: 0, num: 500
loop: 447, time: 0, dt: 0, num: 500
loop: 448, time: 0, dt: 0, num: 500
loop: 449, time: 0, dt: 0, num: 500
loop: 450, time: 0, dt: 0, num: 500
loop: 451, time: 0, dt: 0, num: 500
loop: 452, time: 0, dt: 0, num: 500
loop: 453, time: 0, dt: 0, num: 500
loop: 454, time: 0, dt: 0, num: 500
loop: 455, time: 0, dt: 0, num: 500
loop: 456, time: 0, dt: 0, num: 500
loop: 457, time: 0, dt: 0, num: 500
loop: 458, time: 0, dt: 0, num: 500
loop: 459, time: 0, dt: 0, num: 500
loop: 460, time: 0, dt: 0, num: 500
loop: 461, time: 0, dt: 0, num: 500
loop: 462, time: 0, dt: 0, num: 500
loop: 463, time: 0, dt: 0, num: 500
loop: 464, time: 0, dt: 0, num: 500
loop: 465, time: 0, dt: 0, num: 500
loop: 466, time: 0, dt: 0, num: 500
loop: 467, time: 0, dt: 0, num: 500
loop: 468, time: 0, dt: 0, num: 500
loop: 469, time: 0, dt: 0, num: 500
loop: 470, time: 0, dt: 0, num: 500
loop: 471, time: 0, dt: 0, num: 500
loop: 472, time: 0, dt: 0, num: 500
loop: 473, time: 0, dt: 0, num: 500
loop: 474, time: 0, dt: 0, num: 500
loop: 475, time: 0, dt: 0, num: 500
loop: 476, time: 0, dt: 0, num: 500
loop: 477, time: 0, dt: 0, num: 500
loop: 478, time: 0, dt: 0, num: 500
loop: 479, time: 0, dt: 0, num: 500
loop: 480, time: 0, dt: 0, num: 500
loop: 481, time: 0, dt: 0, num: 500
loop: 482, time: 0, dt: 0, num: 500
loop: 483, time: 0, dt: 0, num: 500
loop: 484, time: 0, dt: 0, num: 500
loop: 485, time: 0, dt: 0, num: 500
loop: 486, time: 0, dt: 0, num: 500
loop: 487, time: 0, dt: 0, num: 500
loop: 488, time: 0, dt: 0, num: 500
loop: 489, time: 0, dt: 0, num: 500
loop: 490, time: 0, dt: 0, num: 500
loop: 491, time: 0, dt: 0, num: 500
loop: 492, time: 0, dt: 0, num: 500
loop: 493, time: 0, dt: 0, num: 500
loop: 494, time: 0, dt: 0, num: 500
loop: 495, time: 0, dt: 0, num: 500
loop: 496, time: 0, dt: 0, num: 500
loop: 497, time: 0, dt: 0, num: 500
loop: 498, time: 0, dt: 0, num: 500
loop: 499, time: 0, dt: 0, num: 500
loop: 500, time: 0, dt: 0, num: 500
loop: 501, time: 0, dt: 0, num: 500
loop: 502, time: 0, dt: 0, num: 500
loop: 503, time: 0, dt: 0, num: 500
loop: 504, time: 0, dt: 0, num: 500
loop: 505, time: 0, dt: 0, num: 500
loop: 506, time: 0, dt: 0, num: 500
loop: 507, time: 0, dt: 0, num: 500
loop: 508, time: 0, dt: 0, num: 500
loop: 509, time: 0, dt: 0, num: 500
loop: 510, time: 0, dt: 0, num: 500
loop: 511, time: 0, dt: 0, num: 500
loop: 512, time: 0, dt: 0, num: 500
loop: 513, time: 0, dt: 0, num: 500
loop: 514, time: 0, dt: 0, num: 500
loop: 515, time: 0, dt: 0, num: 500
loop: 516, time: 0, dt: 0, num: 500
loop: 517, time: 0, dt: 0, num: 500
loop: 518, time: 0, dt: 0, num: 500
loop: 519, time: 0, dt: 0, num: 500
loop: 520, time: 0, dt: 0, num: 500
loop: 521, time: 0, dt: 0, num: 500
loop: 522, time: 0, dt: 0, num: 500
loop: 523, time: 0, dt: 0, num: 500
loop: 524, time: 0, dt: 0, num: 500
loop: 525, time: 0, dt: 0, num: 500
loop: 526, time: 0, dt: 0, num: 500
loop: 527, time: 0, dt: 0, num: 500
loop: 528, time: 0, dt: 0, num: 500
loop: 529, time: 0, dt: 0, num: 500
loop: 530, time: 0, dt: 0, num: 500
loop: 531, time: 0, dt: 0, num: 500
loop: 532, time: 0, dt: 0, num: 500
loop: 533, time: 0, dt: 0, num: 500
loop: 534, time: 0, dt: 0, num: 500
loop: 535, time: 0, dt: 0, num: 500
loop: 536, time: 0, dt: 0, num: 500
loop: 537, time: 0, dt: 0, num: 500
loop: 538, time: 0, dt: 0, num: 500
loop: 539, time: 0, dt: 0, num: 500
loop: 540, time: 0, dt: 0, num: 500
loop: 541, time: 0, dt: 0, num: 500
loop: 542, time: 0, dt: 0, num: 500
loop: 543, time: 0, dt: 0, num: 500
loop: 544, time: 0, dt: 0, num: 500
loop: 545, time: 0, dt: 0, num: 500
loop: 546, time: 0, dt: 0, num: 500
loop: 547, time: 0, dt: 0, num: 500
loop: 548, time: 0, dt: 0, num: 500
loop: 549, time: 0, dt: 0, num: 500
loop: 550, time: 0, dt: 0, num: 500
loop: 551, time: 0, dt: 0, num: 500
loop: 552, time: 0, dt: 0, num: 500
loop: 553, time: 0, dt: 0, num: 500
loop: 554, time: 0, dt: 0, num: 500
loop: 555, time: 0, dt: 0, num: 500
loop: 556, time: 0, dt: 0, num: 500
loop: 557, time: 0, dt: 0, num: 500
loop: 558, time: 0, dt: 0, num: 500
loop: 559, time: 0, dt: 0, num: 500
loop: 560, time: 0, dt: 0, num: 500
loop: 561, time: 0, dt: 0, num: 500
loop: 562, time: 0, dt: 0, num: 500
loop: 563, time: 0, dt: 0, num: 500
loop: 564, time: 0, dt: 0, num: 500
loop: 565, time: 0, dt: 0, num: 500
loop: 566, time: 0, dt: 0, num: 500
loop: 567, time: 0, dt: 0, num: 500
loop: 568, time: 0, dt: 0, num: 500
loop: 569, time: 0, dt: 0, num: 500
loop: 570, time: 0, dt: 0, num: 500
loop: 571, time: 0, dt: 0, num: 500
loop: 572, time: 0, dt: 0, num: 500
loop: 573, time: 0, dt: 0, num: 500
loop: 574, time: 0, dt: 0, num: 500
loop: 575, time: 0, dt: 0, num: 500
loop: 576, time: 0, dt: 0, num: 500
loop: 577, time: 0, dt: 0, num: 500
loop: 578, time: 0, dt: 0, num: 500
loop: 579, time: 0, dt: 0, num: 500
loop: 580, time: 0, dt: 0, num: 500
loop: 581, time: 0, dt: 0, num: 500
loop: 582, time: 0, dt: 0, num: 500
loop: 583, time: 0, dt: 0, num: 500
loop: 584, time: 0, dt: 0, num: 500
loop: 585, time: 0, dt: 0, num: 500
loop: 586, time: 0, dt: 0, num: 500
loop: 587, time: 0, dt: 0, num: 500
loop: 588, time: 0, dt: 0, num: 500
loop: 589, time: 0, dt: 0, num: 500
loop: 590, time: 0, dt: 0, num: 500
loop: 591, time: 0, dt: 0, num: 500
loop: 592, time: 0, dt: 0, num: 500
loop: 593, time: 0, dt: 0, num: 500
loop: 594, time: 0, dt: 0, num: 500
loop: 595, time: 0, dt: 0, num: 500
loop: 596, time: 0, dt: 0, num: 500
loop: 597, time: 0, dt: 0, num: 500
loop: 598, time: 0, dt: 0, num: 500
loop: 599, time: 0, dt: 0, num: 500
loop: 600, time: 0, dt: 0, num: 500
loop: 601, time: 0, dt: 0, num: 500
loop: 602, time: 0, dt: 0, num: 500
loop: 603, time: 0, dt: 0, num: 500
loop: 604, time: 0, dt: 0, num: 500
loop: 605, time: 0, dt: 0, num: 500
loop: 606, time: 0, dt: 0, num: 500
loop: 607, time: 0, dt: 0, num: 500
loop: 608, time: 0, dt: 0, num: 500
loop: 609, time: 0, dt: 0, num: 500
loop: 610, time: 0, dt: 0, num: 500
loop: 611, time: 0, dt: 0, num: 500
loop: 612, time: 0, dt: 0, num: 500
loop: 613, time: 0, dt: 0, num: 500
loop: 614, time: 0, dt: 0, num: 500
loop: 615, time: 0, dt: 0, num: 500
loop: 616, time: 0, dt: 0, num: 500
loop: 617, time: 0, dt: 0, num: 500
loop: 618, time: 0, dt: 0, num: 500
loop: 619, time: 0, dt: 0, num: 500
loop: 620, time: 0, dt: 0, num: 500
loop: 621, time: 0, dt: 0, num: 500
