OpenMP is enabled.
Number of threads = 1
app_name: shock_tube
Warning: cannot read unitConfig "units.json", using defaults.
Initialization complete. Particle count=500
write results/00000.dat
loop: 1, time: 0.000463495, dt: 0.000463495, num: 500
write results/00001.dat
loop: 2, time: 0.000950532, dt: 0.000487038, num: 500
write results/00002.dat
loop: 3, time: 0.00152159, dt: 0.000571062, num: 500
write results/00003.dat
loop: 4, time: 0.00209395, dt: 0.000572357, num: 500
write results/00004.dat
loop: 5, time: 0.00266173, dt: 0.000567781, num: 500
write results/00005.dat
loop: 6, time: 0.00323978, dt: 0.000578047, num: 500
write results/00006.dat
loop: 7, time: 0.00381446, dt: 0.00057468, num: 500
write results/00007.dat
loop: 8, time: 0.00438634, dt: 0.000571881, num: 500
write results/00008.dat
loop: 9, time: 0.00495957, dt: 0.000573231, num: 500
write results/00009.dat
loop: 10, time: 0.00553365, dt: 0.000574075, num: 500
write results/00010.dat
loop: 11, time: 0.00610904, dt: 0.000575397, num: 500
write results/00011.dat
loop: 12, time: 0.00667456, dt: 0.000565517, num: 500
write results/00012.dat
loop: 13, time: 0.00725075, dt: 0.00057619, num: 500
write results/00013.dat
loop: 14, time: 0.007828, dt: 0.000577253, num: 500
write results/00014.dat
loop: 15, time: 0.00840558, dt: 0.000577573, num: 500
write results/00015.dat
loop: 16, time: 0.00898132, dt: 0.000575741, num: 500
write results/00016.dat
loop: 17, time: 0.00955886, dt: 0.00057754, num: 500
write results/00017.dat
loop: 18, time: 0.0101382, dt: 0.000579336, num: 500
write results/00018.dat
loop: 19, time: 0.0107196, dt: 0.000581436, num: 500
write results/00019.dat
loop: 20, time: 0.0112987, dt: 0.000579031, num: 500
write results/00020.dat
loop: 21, time: 0.0118795, dt: 0.000580858, num: 500
write results/00021.dat
loop: 22, time: 0.0124612, dt: 0.000581684, num: 500
write results/00022.dat
loop: 23, time: 0.0130408, dt: 0.000579555, num: 500
write results/00023.dat
loop: 24, time: 0.0136217, dt: 0.000580983, num: 500
write results/00024.dat
loop: 25, time: 0.0142046, dt: 0.000582889, num: 500
write results/00025.dat
loop: 26, time: 0.0147883, dt: 0.000583693, num: 500
write results/00026.dat
loop: 27, time: 0.0153704, dt: 0.000582092, num: 500
write results/00027.dat
loop: 28, time: 0.0159544, dt: 0.00058399, num: 500
write results/00028.dat
loop: 29, time: 0.0165395, dt: 0.000585075, num: 500
write results/00029.dat
loop: 30, time: 0.0171228, dt: 0.000583319, num: 500
write results/00030.dat
loop: 31, time: 0.0177069, dt: 0.000584087, num: 500
write results/00031.dat
loop: 32, time: 0.0182928, dt: 0.000585934, num: 500
write results/00032.dat
loop: 33, time: 0.0188721, dt: 0.000579263, num: 500
write results/00033.dat
loop: 34, time: 0.019457, dt: 0.000584917, num: 500
write results/00034.dat
loop: 35, time: 0.0200437, dt: 0.000586728, num: 500
write results/00035.dat
loop: 36, time: 0.0206317, dt: 0.000587936, num: 500
write results/00036.dat
loop: 37, time: 0.0212179, dt: 0.000586285, num: 500
write results/00037.dat
loop: 38, time: 0.0218048, dt: 0.00058684, num: 500
write results/00038.dat
loop: 39, time: 0.0223933, dt: 0.000588556, num: 500
write results/00039.dat
loop: 40, time: 0.0229765, dt: 0.000583154, num: 500
write results/00040.dat
loop: 41, time: 0.0235639, dt: 0.000587439, num: 500
write results/00041.dat
loop: 42, time: 0.0241531, dt: 0.000589196, num: 500
write results/00042.dat
loop: 43, time: 0.0247428, dt: 0.000589681, num: 500
write results/00043.dat
loop: 44, time: 0.0253313, dt: 0.00058851, num: 500
write results/00044.dat
loop: 45, time: 0.0259206, dt: 0.000589311, num: 500
write results/00045.dat
loop: 46, time: 0.0265115, dt: 0.000590842, num: 500
write results/00046.dat
loop: 47, time: 0.0270982, dt: 0.000586722, num: 500
write results/00047.dat
loop: 48, time: 0.0276879, dt: 0.000589706, num: 500
write results/00048.dat
loop: 49, time: 0.0282793, dt: 0.000591425, num: 500
write results/00049.dat
loop: 50, time: 0.0288706, dt: 0.000591309, num: 500
write results/00050.dat
loop: 51, time: 0.0294612, dt: 0.000590524, num: 500
write results/00051.dat
loop: 52, time: 0.0300527, dt: 0.000591541, num: 500
write results/00052.dat
loop: 53, time: 0.0306455, dt: 0.000592795, num: 500
write results/00053.dat
loop: 54, time: 0.0312355, dt: 0.000589995, num: 500
write results/00054.dat
loop: 55, time: 0.0318273, dt: 0.000591758, num: 500
write results/00055.dat
loop: 56, time: 0.0324207, dt: 0.000593452, num: 500
write results/00056.dat
loop: 57, time: 0.0330135, dt: 0.000592832, num: 500
write results/00057.dat
loop: 58, time: 0.0336059, dt: 0.000592357, num: 500
write results/00058.dat
loop: 59, time: 0.0341994, dt: 0.000593541, num: 500
write results/00059.dat
loop: 60, time: 0.0347936, dt: 0.000594148, num: 500
write results/00060.dat
loop: 61, time: 0.0353866, dt: 0.000593018, num: 500
write results/00061.dat
loop: 62, time: 0.0359802, dt: 0.000593627, num: 500
write results/00062.dat
loop: 63, time: 0.0365753, dt: 0.000595121, num: 500
write results/00063.dat
loop: 64, time: 0.0371662, dt: 0.000590875, num: 500
write results/00064.dat
loop: 65, time: 0.0377603, dt: 0.000594037, num: 500
write results/00065.dat
loop: 66, time: 0.0383555, dt: 0.000595239, num: 500
write results/00066.dat
loop: 67, time: 0.0389509, dt: 0.000595366, num: 500
write results/00067.dat
loop: 68, time: 0.0395456, dt: 0.000594721, num: 500
write results/00068.dat
loop: 69, time: 0.0401409, dt: 0.000595328, num: 500
write results/00069.dat
loop: 70, time: 0.0407373, dt: 0.000596435, num: 500
write results/00070.dat
loop: 71, time: 0.0413309, dt: 0.000593574, num: 500
write results/00071.dat
loop: 72, time: 0.0419265, dt: 0.00059558, num: 500
write results/00072.dat
loop: 73, time: 0.0425233, dt: 0.000596816, num: 500
write results/00073.dat
loop: 74, time: 0.0431198, dt: 0.000596505, num: 500
write results/00074.dat
loop: 75, time: 0.0437159, dt: 0.000596093, num: 500
write results/00075.dat
loop: 76, time: 0.0443128, dt: 0.000596912, num: 500
write results/00076.dat
loop: 77, time: 0.0449103, dt: 0.000597492, num: 500
write results/00077.dat
loop: 78, time: 0.0455064, dt: 0.000596095, num: 500
write results/00078.dat
loop: 79, time: 0.0461034, dt: 0.000597022, num: 500
write results/00079.dat
loop: 80, time: 0.0467017, dt: 0.000598296, num: 500
write results/00080.dat
loop: 81, time: 0.0472993, dt: 0.000597585, num: 500
write results/00081.dat
loop: 82, time: 0.0478967, dt: 0.00059738, num: 500
write results/00082.dat
loop: 83, time: 0.048495, dt: 0.000598311, num: 500
write results/00083.dat
loop: 84, time: 0.0490935, dt: 0.000598456, num: 500
write results/00084.dat
loop: 85, time: 0.0496914, dt: 0.000597937, num: 500
write results/00085.dat
loop: 86, time: 0.0502898, dt: 0.000598374, num: 500
write results/00086.dat
loop: 87, time: 0.0508891, dt: 0.000599277, num: 500
write results/00087.dat
loop: 88, time: 0.0514858, dt: 0.000596793, num: 500
write results/00088.dat
loop: 89, time: 0.0520844, dt: 0.000598595, num: 500
write results/00089.dat
loop: 90, time: 0.052684, dt: 0.000599576, num: 500
write results/00090.dat
loop: 91, time: 0.0532834, dt: 0.000599349, num: 500
write results/00091.dat
loop: 92, time: 0.0538824, dt: 0.000599014, num: 500
write results/00092.dat
loop: 93, time: 0.054482, dt: 0.000599652, num: 500
write results/00093.dat
loop: 94, time: 0.0550822, dt: 0.000600122, num: 500
write results/00094.dat
loop: 95, time: 0.0556811, dt: 0.000598918, num: 500
write results/00095.dat
loop: 96, time: 0.0562808, dt: 0.000599751, num: 500
write results/00096.dat
loop: 97, time: 0.0568816, dt: 0.000600788, num: 500
write results/00097.dat
loop: 98, time: 0.0574818, dt: 0.000600206, num: 500
write results/00098.dat
loop: 99, time: 0.0580819, dt: 0.000600044, num: 500
write results/00099.dat
loop: 100, time: 0.0586827, dt: 0.000600812, num: 500
write results/00100.dat
loop: 101, time: 0.0592836, dt: 0.000600907, num: 500
write results/00101.dat
loop: 102, time: 0.0598841, dt: 0.000600493, num: 500
write results/00102.dat
loop: 103, time: 0.0604849, dt: 0.000600859, num: 500
write results/00103.dat
loop: 104, time: 0.0610865, dt: 0.000601566, num: 500
write results/00104.dat
loop: 105, time: 0.0616861, dt: 0.000599567, num: 500
write results/00105.dat
loop: 106, time: 0.0622871, dt: 0.000601036, num: 500
write results/00106.dat
loop: 107, time: 0.062889, dt: 0.000601862, num: 500
write results/00107.dat
loop: 108, time: 0.0634906, dt: 0.000601632, num: 500
write results/00108.dat
loop: 109, time: 0.064092, dt: 0.000601372, num: 500
write results/00109.dat
loop: 110, time: 0.0646939, dt: 0.000601925, num: 500
write results/00110.dat
loop: 111, time: 0.0652962, dt: 0.000602264, num: 500
write results/00111.dat
loop: 112, time: 0.0658976, dt: 0.000601396, num: 500
write results/00112.dat
loop: 113, time: 0.0664995, dt: 0.000601997, num: 500
write results/00113.dat
loop: 114, time: 0.0671024, dt: 0.000602853, num: 500
write results/00114.dat
loop: 115, time: 0.0677047, dt: 0.000602339, num: 500
write results/00115.dat
loop: 116, time: 0.068307, dt: 0.000602226, num: 500
write results/00116.dat
loop: 117, time: 0.0689099, dt: 0.000602893, num: 500
write results/00117.dat
loop: 118, time: 0.0695128, dt: 0.000602911, num: 500
write results/00118.dat
loop: 119, time: 0.0701154, dt: 0.000602587, num: 500
write results/00119.dat
loop: 120, time: 0.0707183, dt: 0.000602932, num: 500
write results/00120.dat
loop: 121, time: 0.0713217, dt: 0.00060346, num: 500
write results/00121.dat
loop: 122, time: 0.0719237, dt: 0.000601962, num: 500
write results/00122.dat
loop: 123, time: 0.0725268, dt: 0.000603062, num: 500
write results/00123.dat
loop: 124, time: 0.0731306, dt: 0.00060379, num: 500
write results/00124.dat
loop: 125, time: 0.0737341, dt: 0.000603519, num: 500
write results/00125.dat
loop: 126, time: 0.0743374, dt: 0.000603327, num: 500
write results/00126.dat
loop: 127, time: 0.0749413, dt: 0.000603847, num: 500
write results/00127.dat
loop: 128, time: 0.0755453, dt: 0.000604053, num: 500
write results/00128.dat
loop: 129, time: 0.0761489, dt: 0.000603572, num: 500
write results/00129.dat
loop: 130, time: 0.0767528, dt: 0.000603886, num: 500
write results/00130.dat
loop: 131, time: 0.0773573, dt: 0.000604542, num: 500
write results/00131.dat
loop: 132, time: 0.0779599, dt: 0.000602592, num: 500
write results/00132.dat
loop: 133, time: 0.078564, dt: 0.000604059, num: 500
write results/00133.dat
loop: 134, time: 0.0791686, dt: 0.000604658, num: 500
write results/00134.dat
loop: 135, time: 0.0797732, dt: 0.000604593, num: 500
write results/00135.dat
loop: 136, time: 0.0803776, dt: 0.000604345, num: 500
write results/00136.dat
loop: 137, time: 0.0809823, dt: 0.000604694, num: 500
write results/00137.dat
loop: 138, time: 0.0815873, dt: 0.000605063, num: 500
write results/00138.dat
loop: 139, time: 0.0821914, dt: 0.000604043, num: 500
write results/00139.dat
loop: 140, time: 0.0827961, dt: 0.000604782, num: 500
write results/00140.dat
loop: 141, time: 0.0834016, dt: 0.000605445, num: 500
write results/00141.dat
loop: 142, time: 0.0840067, dt: 0.000605115, num: 500
write results/00142.dat
loop: 143, time: 0.0846117, dt: 0.000604986, num: 500
write results/00143.dat
loop: 144, time: 0.0852172, dt: 0.000605486, num: 500
write results/00144.dat
loop: 145, time: 0.0858227, dt: 0.000605571, num: 500
write results/00145.dat
loop: 146, time: 0.086428, dt: 0.000605286, num: 500
write results/00146.dat
loop: 147, time: 0.0870335, dt: 0.000605505, num: 500
write results/00147.dat
loop: 148, time: 0.0876395, dt: 0.000605988, num: 500
write results/00148.dat
loop: 149, time: 0.0882441, dt: 0.000604571, num: 500
write results/00149.dat
loop: 150, time: 0.0888497, dt: 0.000605628, num: 500
write results/00150.dat
loop: 151, time: 0.0894559, dt: 0.000606186, num: 500
write results/00151.dat
loop: 152, time: 0.0900619, dt: 0.000606032, num: 500
write results/00152.dat
loop: 153, time: 0.0906678, dt: 0.000605852, num: 500
write results/00153.dat
loop: 154, time: 0.091274, dt: 0.000606223, num: 500
write results/00154.dat
loop: 155, time: 0.0918805, dt: 0.000606444, num: 500
write results/00155.dat
loop: 156, time: 0.0924863, dt: 0.000605885, num: 500
write results/00156.dat
loop: 157, time: 0.0930926, dt: 0.000606271, num: 500
write results/00157.dat
loop: 158, time: 0.0936994, dt: 0.000606833, num: 500
write results/00158.dat
loop: 159, time: 0.0943046, dt: 0.000605127, num: 500
write results/00159.dat
loop: 160, time: 0.094911, dt: 0.000606421, num: 500
write results/00160.dat
loop: 161, time: 0.0955179, dt: 0.000606893, num: 500
write results/00161.dat
loop: 162, time: 0.0961248, dt: 0.000606874, num: 500
write results/00162.dat
loop: 163, time: 0.0967314, dt: 0.000606659, num: 500
write results/00163.dat
loop: 164, time: 0.0973383, dt: 0.000606916, num: 500
write results/00164.dat
loop: 165, time: 0.0979456, dt: 0.000607244, num: 500
write results/00165.dat
loop: 166, time: 0.0985519, dt: 0.00060632, num: 500
write results/00166.dat
loop: 167, time: 0.0991589, dt: 0.000606995, num: 500
write results/00167.dat
loop: 168, time: 0.0997664, dt: 0.000607527, num: 500
write results/00168.dat
loop: 169, time: 0.100374, dt: 0.000607283, num: 500
write results/00169.dat
loop: 170, time: 0.100981, dt: 0.000607165, num: 500
write results/00170.dat
loop: 171, time: 0.101588, dt: 0.000607569, num: 500
write results/00171.dat
loop: 172, time: 0.102196, dt: 0.000607653, num: 500
write results/00172.dat
loop: 173, time: 0.102804, dt: 0.000607413, num: 500
write results/00173.dat
loop: 174, time: 0.103411, dt: 0.000607579, num: 500
write results/00174.dat
loop: 175, time: 0.104019, dt: 0.000607986, num: 500
write results/00175.dat
loop: 176, time: 0.104626, dt: 0.000606781, num: 500
write results/00176.dat
loop: 177, time: 0.105234, dt: 0.000607682, num: 500
write results/00177.dat
loop: 178, time: 0.105842, dt: 0.000608139, num: 500
write results/00178.dat
loop: 179, time: 0.10645, dt: 0.00060802, num: 500
write results/00179.dat
loop: 180, time: 0.107058, dt: 0.000607866, num: 500
write results/00180.dat
loop: 181, time: 0.107666, dt: 0.000608167, num: 500
write results/00181.dat
loop: 182, time: 0.108274, dt: 0.000608353, num: 500
write results/00182.dat
loop: 183, time: 0.108882, dt: 0.000607891, num: 500
write results/00183.dat
loop: 184, time: 0.10949, dt: 0.000608206, num: 500
write results/00184.dat
loop: 185, time: 0.110099, dt: 0.000608671, num: 500
write results/00185.dat
loop: 186, time: 0.110706, dt: 0.000607257, num: 500
write results/00186.dat
loop: 187, time: 0.111314, dt: 0.000608329, num: 500
write results/00187.dat
loop: 188, time: 0.111923, dt: 0.000608725, num: 500
write results/00188.dat
loop: 189, time: 0.112532, dt: 0.000608703, num: 500
write results/00189.dat
loop: 190, time: 0.11314, dt: 0.000608524, num: 500
write results/00190.dat
loop: 191, time: 0.113749, dt: 0.000608742, num: 500
write results/00191.dat
loop: 192, time: 0.114358, dt: 0.000609006, num: 500
write results/00192.dat
loop: 193, time: 0.114966, dt: 0.000608273, num: 500
write results/00193.dat
loop: 194, time: 0.115575, dt: 0.000608804, num: 500
write results/00194.dat
loop: 195, time: 0.116184, dt: 0.000609256, num: 500
write results/00195.dat
loop: 196, time: 0.116794, dt: 0.000609036, num: 500
write results/00196.dat
loop: 197, time: 0.117402, dt: 0.000608941, num: 500
write results/00197.dat
loop: 198, time: 0.118012, dt: 0.000609287, num: 500
write results/00198.dat
loop: 199, time: 0.118621, dt: 0.00060934, num: 500
write results/00199.dat
loop: 200, time: 0.11923, dt: 0.000609143, num: 500
write results/00200.dat
loop: 201, time: 0.11984, dt: 0.000609293, num: 500
write results/00201.dat
loop: 202, time: 0.120449, dt: 0.000609618, num: 500
write results/00202.dat
loop: 203, time: 0.121058, dt: 0.00060867, num: 500
write results/00203.dat
loop: 204, time: 0.121667, dt: 0.000609373, num: 500
write results/00204.dat
loop: 205, time: 0.122277, dt: 0.000609769, num: 500
write results/00205.dat
loop: 206, time: 0.122887, dt: 0.000609643, num: 500
write results/00206.dat
loop: 207, time: 0.123496, dt: 0.000609522, num: 500
write results/00207.dat
loop: 208, time: 0.124106, dt: 0.000609793, num: 500
write results/00208.dat
loop: 209, time: 0.124716, dt: 0.000609923, num: 500
write results/00209.dat
loop: 210, time: 0.125325, dt: 0.000609637, num: 500
write results/00210.dat
loop: 211, time: 0.125935, dt: 0.000609818, num: 500
write results/00211.dat
loop: 212, time: 0.126545, dt: 0.000610188, num: 500
write results/00212.dat
loop: 213, time: 0.127155, dt: 0.000609074, num: 500
write results/00213.dat
loop: 214, time: 0.127764, dt: 0.000609913, num: 500
write results/00214.dat
loop: 215, time: 0.128375, dt: 0.000610262, num: 500
write results/00215.dat
loop: 216, time: 0.128985, dt: 0.000610212, num: 500
write results/00216.dat
loop: 217, time: 0.129595, dt: 0.00061007, num: 500
write results/00217.dat
loop: 218, time: 0.130205, dt: 0.000610277, num: 500
write results/00218.dat
loop: 219, time: 0.130816, dt: 0.000610469, num: 500
write results/00219.dat
loop: 220, time: 0.131426, dt: 0.000609967, num: 500
write results/00220.dat
loop: 221, time: 0.132036, dt: 0.000610319, num: 500
write results/00221.dat
loop: 222, time: 0.132647, dt: 0.000610722, num: 500
write results/00222.dat
loop: 223, time: 0.133257, dt: 0.000610493, num: 500
write results/00223.dat
loop: 224, time: 0.133868, dt: 0.000610426, num: 500
write results/00224.dat
loop: 225, time: 0.134478, dt: 0.000610735, num: 500
write results/00225.dat
loop: 226, time: 0.135089, dt: 0.000610746, num: 500
write results/00226.dat
loop: 227, time: 0.1357, dt: 0.000610589, num: 500
write results/00227.dat
loop: 228, time: 0.13631, dt: 0.000610742, num: 500
write results/00228.dat
loop: 229, time: 0.136921, dt: 0.000610984, num: 500
write results/00229.dat
loop: 230, time: 0.137532, dt: 0.000610307, num: 500
write results/00230.dat
loop: 231, time: 0.138143, dt: 0.000610799, num: 500
write results/00231.dat
loop: 232, time: 0.138754, dt: 0.000611158, num: 500
write results/00232.dat
loop: 233, time: 0.139365, dt: 0.000611004, num: 500
write results/00233.dat
loop: 234, time: 0.139976, dt: 0.000610915, num: 500
write results/00234.dat
loop: 235, time: 0.140587, dt: 0.000611182, num: 500
write results/00235.dat
loop: 236, time: 0.141198, dt: 0.000611247, num: 500
write results/00236.dat
loop: 237, time: 0.141809, dt: 0.00061108, num: 500
write results/00237.dat
loop: 238, time: 0.14242, dt: 0.000611189, num: 500
write results/00238.dat
loop: 239, time: 0.143032, dt: 0.000611469, num: 500
write results/00239.dat
loop: 240, time: 0.143642, dt: 0.000610649, num: 500
write results/00240.dat
loop: 241, time: 0.144254, dt: 0.000611257, num: 500
write results/00241.dat
loop: 242, time: 0.144865, dt: 0.000611577, num: 500
write results/00242.dat
loop: 243, time: 0.145477, dt: 0.000611487, num: 500
write results/00243.dat
loop: 244, time: 0.146088, dt: 0.00061138, num: 500
write results/00244.dat
loop: 245, time: 0.1467, dt: 0.000611593, num: 500
write results/00245.dat
loop: 246, time: 0.147311, dt: 0.000611712, num: 500
write results/00246.dat
loop: 247, time: 0.147923, dt: 0.000611455, num: 500
write results/00247.dat
loop: 248, time: 0.148535, dt: 0.000611615, num: 500
write results/00248.dat
loop: 249, time: 0.149146, dt: 0.000611926, num: 500
write results/00249.dat
loop: 250, time: 0.149757, dt: 0.000610993, num: 500
write results/00250.dat
loop: 251, time: 0.150369, dt: 0.000611694, num: 500
write results/00251.dat
loop: 252, time: 0.150981, dt: 0.000611981, num: 500
write results/00252.dat
loop: 253, time: 0.151593, dt: 0.000611944, num: 500
write results/00253.dat
loop: 254, time: 0.152205, dt: 0.000611823, num: 500
write results/00254.dat
loop: 255, time: 0.152817, dt: 0.000611991, num: 500
write results/00255.dat
loop: 256, time: 0.153429, dt: 0.000612152, num: 500
write results/00256.dat
loop: 257, time: 0.154041, dt: 0.000611743, num: 500
write results/00257.dat
loop: 258, time: 0.154653, dt: 0.000612025, num: 500
write results/00258.dat
loop: 259, time: 0.155265, dt: 0.000612359, num: 500
write results/00259.dat
loop: 260, time: 0.155877, dt: 0.000611335, num: 500
write results/00260.dat
loop: 261, time: 0.156489, dt: 0.000612112, num: 500
write results/00261.dat
loop: 262, time: 0.157101, dt: 0.00061237, num: 500
write results/00262.dat
loop: 263, time: 0.157713, dt: 0.000612377, num: 500
write results/00263.dat
loop: 264, time: 0.158326, dt: 0.000612245, num: 500
write results/00264.dat
loop: 265, time: 0.158938, dt: 0.000612375, num: 500
write results/00265.dat
loop: 266, time: 0.159551, dt: 0.000612571, num: 500
write results/00266.dat
loop: 267, time: 0.160163, dt: 0.000612033, num: 500
write results/00267.dat
loop: 268, time: 0.160775, dt: 0.000612419, num: 500
write results/00268.dat
loop: 269, time: 0.161388, dt: 0.000612722, num: 500
write results/00269.dat
loop: 270, time: 0.162, dt: 0.000612585, num: 500
write results/00270.dat
loop: 271, time: 0.162613, dt: 0.000612512, num: 500
write results/00271.dat
loop: 272, time: 0.163226, dt: 0.000612742, num: 500
write results/00272.dat
loop: 273, time: 0.163838, dt: 0.000612787, num: 500
write results/00273.dat
loop: 274, time: 0.164451, dt: 0.000612648, num: 500
write results/00274.dat
loop: 275, time: 0.165064, dt: 0.000612744, num: 500
write results/00275.dat
loop: 276, time: 0.165677, dt: 0.00061297, num: 500
write results/00276.dat
loop: 277, time: 0.166289, dt: 0.000612325, num: 500
write results/00277.dat
loop: 278, time: 0.166902, dt: 0.000612797, num: 500
write results/00278.dat
loop: 279, time: 0.167515, dt: 0.000613072, num: 500
write results/00279.dat
loop: 280, time: 0.168128, dt: 0.000612982, num: 500
write results/00280.dat
loop: 281, time: 0.168741, dt: 0.000612896, num: 500
write results/00281.dat
loop: 282, time: 0.169354, dt: 0.000613086, num: 500
write results/00282.dat
loop: 283, time: 0.169967, dt: 0.00061317, num: 500
write results/00283.dat
loop: 284, time: 0.17058, dt: 0.000613023, num: 500
write results/00284.dat
loop: 285, time: 0.171193, dt: 0.000613098, num: 500
write results/00285.dat
loop: 286, time: 0.171807, dt: 0.000613347, num: 500
write results/00286.dat
loop: 287, time: 0.172419, dt: 0.000612617, num: 500
write results/00287.dat
loop: 288, time: 0.173032, dt: 0.000613159, num: 500
write results/00288.dat
loop: 289, time: 0.173646, dt: 0.000613409, num: 500
write results/00289.dat
loop: 290, time: 0.174259, dt: 0.000613358, num: 500
write results/00290.dat
loop: 291, time: 0.174872, dt: 0.000613262, num: 500
write results/00291.dat
loop: 292, time: 0.175486, dt: 0.000613418, num: 500
write results/00292.dat
loop: 293, time: 0.176099, dt: 0.000613535, num: 500
write results/00293.dat
loop: 294, time: 0.176713, dt: 0.000613272, num: 500
write results/00294.dat
loop: 295, time: 0.177326, dt: 0.00061344, num: 500
write results/00295.dat
loop: 296, time: 0.17794, dt: 0.000613707, num: 500
write results/00296.dat
loop: 297, time: 0.178553, dt: 0.000612906, num: 500
write results/00297.dat
loop: 298, time: 0.179166, dt: 0.000613507, num: 500
write results/00298.dat
loop: 299, time: 0.17978, dt: 0.000613735, num: 500
write results/00299.dat
loop: 300, time: 0.180394, dt: 0.000613718, num: 500
write results/00300.dat
loop: 301, time: 0.181007, dt: 0.000613613, num: 500
write results/00301.dat
loop: 302, time: 0.181621, dt: 0.00061374, num: 500
write results/00302.dat
loop: 303, time: 0.182235, dt: 0.000613884, num: 500
write results/00303.dat
loop: 304, time: 0.182848, dt: 0.000613522, num: 500
write results/00304.dat
loop: 305, time: 0.183462, dt: 0.00061377, num: 500
write results/00305.dat
loop: 306, time: 0.184076, dt: 0.00061404, num: 500
write results/00306.dat
loop: 307, time: 0.184689, dt: 0.000613191, num: 500
write results/00307.dat
loop: 308, time: 0.185303, dt: 0.000613842, num: 500
write results/00308.dat
loop: 309, time: 0.185917, dt: 0.00061405, num: 500
write results/00309.dat
loop: 310, time: 0.186531, dt: 0.000614062, num: 500
write results/00310.dat
loop: 311, time: 0.187145, dt: 0.00061395, num: 500
write results/00311.dat
loop: 312, time: 0.187759, dt: 0.000614051, num: 500
write results/00312.dat
loop: 313, time: 0.188373, dt: 0.000614218, num: 500
write results/00313.dat
loop: 314, time: 0.188987, dt: 0.00061377, num: 500
write results/00314.dat
loop: 315, time: 0.189601, dt: 0.000614087, num: 500
write results/00315.dat
loop: 316, time: 0.190216, dt: 0.000614336, num: 500
write results/00316.dat
loop: 317, time: 0.19083, dt: 0.000614226, num: 500
write results/00317.dat
loop: 318, time: 0.191444, dt: 0.000614163, num: 500
write results/00318.dat
loop: 319, time: 0.192058, dt: 0.000614351, num: 500
write results/00319.dat
loop: 320, time: 0.192673, dt: 0.000614389, num: 500
write results/00320.dat
loop: 321, time: 0.193287, dt: 0.000614273, num: 500
write results/00321.dat
loop: 322, time: 0.193901, dt: 0.000614351, num: 500
write results/00322.dat
loop: 323, time: 0.194516, dt: 0.000614538, num: 500
write results/00323.dat
loop: 324, time: 0.19513, dt: 0.000614017, num: 500
write results/00324.dat
loop: 325, time: 0.195744, dt: 0.000614393, num: 500
write results/00325.dat
loop: 326, time: 0.196359, dt: 0.000614622, num: 500
write results/00326.dat
loop: 327, time: 0.196974, dt: 0.000614545, num: 500
write results/00327.dat
loop: 328, time: 0.197588, dt: 0.000614473, num: 500
write results/00328.dat
loop: 329, time: 0.198203, dt: 0.000614633, num: 500
write results/00329.dat
loop: 330, time: 0.198817, dt: 0.000614698, num: 500
write results/00330.dat
loop: 331, time: 0.199432, dt: 0.000614582, num: 500
write results/00331.dat
loop: 332, time: 0.200047, dt: 0.000614641, num: 500
write results/00332.dat

calculation is finished
calculation time: 4676 ms
